[debug] [2021-07-14T05:08:39.461Z] ----------------------------------------------------------------------
[debug] [2021-07-14T05:08:39.464Z] Command:       C:\Program Files\nodejs\node.exe C:\Users\Admin\AppData\Roaming\npm\node_modules\firebase-tools\lib\bin\firebase.js init
[debug] [2021-07-14T05:08:39.464Z] CLI Version:   9.16.0
[debug] [2021-07-14T05:08:39.465Z] Platform:      win32
[debug] [2021-07-14T05:08:39.465Z] Node Version:  v14.17.3
[debug] [2021-07-14T05:08:39.467Z] Time:          Wed Jul 14 2021 10:38:39 GMT+0530 (India Standard Time)
[debug] [2021-07-14T05:08:39.467Z] ----------------------------------------------------------------------
[debug] 
[debug] [2021-07-14T05:08:39.489Z] > command requires scopes: ["email","openid","https://www.googleapis.com/auth/cloudplatformprojects.readonly","https://www.googleapis.com/auth/firebase","https://www.googleapis.com/auth/cloud-platform"]
[debug] [2021-07-14T05:08:39.489Z] > authorizing via signed-in user (janmejaykadam30@gmail.com)
[info] 
     ######## #### ########  ######## ########     ###     ######  ########
     ##        ##  ##     ## ##       ##     ##  ##   ##  ##       ##
     ######    ##  ########  ######   ########  #########  ######  ######
     ##        ##  ##    ##  ##       ##     ## ##     ##       ## ##
     ##       #### ##     ## ######## ########  ##     ##  ######  ########

You're about to initialize a Firebase project in this directory:

  C:\Users\Admin\Desktop\Updated Project\BankAtYourHome

[info] 
=== Project Setup
[info] 
[info] First, let's associate this project directory with a Firebase project.
[info] You can create multiple project aliases by running firebase use --add, 
[info] but for now we'll just set up a default project.
[info] 
[debug] [2021-07-14T05:09:28.261Z] >>> [apiv2][query] GET https://firebase.googleapis.com/v1beta1/projects pageSize=100
[debug] [2021-07-14T05:09:28.899Z] <<< [apiv2][status] GET https://firebase.googleapis.com/v1beta1/projects 200
[debug] [2021-07-14T05:09:28.899Z] <<< [apiv2][body] GET https://firebase.googleapis.com/v1beta1/projects [omitted]
[info] i  Using project bankatyourhome (BankAtYourHome) 
[info] 
=== Hosting Setup
[info] 
[info] Your public directory is the folder (relative to your project directory) that
[info] will contain Hosting assets to be uploaded with firebase deploy. If you
[info] have a build process for your assets, use your build's output directory.
[info] 
[info] +  Wrote public/404.html 
[debug] [2021-07-14T05:12:04.495Z] >>> [apiv2][query] GET https://www.gstatic.com/firebasejs/releases.json [none]
[debug] [2021-07-14T05:12:04.614Z] <<< [apiv2][status] GET https://www.gstatic.com/firebasejs/releases.json 200
[debug] [2021-07-14T05:12:04.615Z] <<< [apiv2][body] GET https://www.gstatic.com/firebasejs/releases.json {"current":{"version":"8.7.1","browserURL":"https://www.gstatic.com/firebasejs/8.7.1/firebase.js","packageURL":"https://www.gstatic.com/firebasejs/8.7.1/firebase.tgz"},"live":{"version":"8.7","browserURL":"https://www.gstatic.com/firebasejs/live/8.7/firebase.js","packageURL":"https://www.gstatic.com/firebasejs/live/8.7/firebase.tgz"},"components":{"analytics":"https://www.gstatic.com/firebasejs/8.7.1/firebase-analytics.js","app":"https://www.gstatic.com/firebasejs/8.7.1/firebase-app.js","app-check":"https://www.gstatic.com/firebasejs/8.7.1/firebase-app-check.js","auth":"https://www.gstatic.com/firebasejs/8.7.1/firebase-auth.js","database":"https://www.gstatic.com/firebasejs/8.7.1/firebase-database.js","firestore":"https://www.gstatic.com/firebasejs/8.7.1/firebase-firestore.js","functions":"https://www.gstatic.com/firebasejs/8.7.1/firebase-functions.js","installations":"https://www.gstatic.com/firebasejs/8.7.1/firebase-installations.js","messaging":"https://www.gstatic.com/firebasejs/8.7.1/firebase-messaging.js","storage":"https://www.gstatic.com/firebasejs/8.7.1/firebase-storage.js","performance":"https://www.gstatic.com/firebasejs/8.7.1/firebase-performance.js","remote-config":"https://www.gstatic.com/firebasejs/8.7.1/firebase-remote-config.js","firestore.memory":"https://www.gstatic.com/firebasejs/8.7.1/firebase-firestore.memory.js"}}
[info] i  Skipping write of public/index.html 
[info] 
[info] i  Didn't detect a .git folder. Assuming C:\Users\Admin\Desktop\Updated Project\BankAtYourHome is the project root. 
[info] i  Authorizing with GitHub to upload your service account to a GitHub repository's secrets store. 
[info] 
[info] Visit this URL on this device to log in:
[info] https://github.com/login/oauth/authorize?client_id=89cf50f02ac6aaed3484&state=28213265&redirect_uri=http%3A%2F%2Flocalhost%3A9005&scope=read%3Auser%20repo%20public_repo
[info] 
[info] Waiting for authentication...
[debug] [2021-07-14T05:17:12.194Z] >>> HTTP REQUEST POST https://github.com/login/oauth/access_token  
 {"client_id":"89cf50f02ac6aaed3484","client_secret":"3330d14abc895d9a74d5f17cd7a00711fa2c5bf0","code":"2566ed667e3f0e7f887b","redirect_uri":"http://localhost:9005","state":"28213265"}
[debug] [2021-07-14T05:17:12.510Z] <<< HTTP RESPONSE 200 {"server":"GitHub.com","date":"Wed, 14 Jul 2021 05:17:12 GMT","content-type":"application/json; charset=utf-8","transfer-encoding":"chunked","vary":"X-PJAX, Accept-Encoding, Accept, X-Requested-With","permissions-policy":"interest-cohort=()","etag":"W/\"c795d2c278c94576245aea323a125d4f\"","cache-control":"max-age=0, private, must-revalidate","strict-transport-security":"max-age=31536000; includeSubdomains; preload","x-frame-options":"deny","x-content-type-options":"nosniff","x-xss-protection":"0","referrer-policy":"origin-when-cross-origin, strict-origin-when-cross-origin","expect-ct":"max-age=2592000, report-uri=\"https://api.github.com/_private/browser/errors\"","content-security-policy":"default-src 'none'; base-uri 'self'; block-all-mixed-content; connect-src 'self' uploads.github.com www.githubstatus.com collector.githubapp.com api.github.com github-cloud.s3.amazonaws.com github-production-repository-file-5c1aeb.s3.amazonaws.com github-production-upload-manifest-file-7fdce7.s3.amazonaws.com github-production-user-asset-6210df.s3.amazonaws.com cdn.optimizely.com logx.optimizely.com/v1/events translator.github.com wss://alive.github.com; font-src github.githubassets.com; form-action 'self' github.com gist.github.com; frame-ancestors 'none'; frame-src render.githubusercontent.com render-temp.githubusercontent.com viewscreen.githubusercontent.com; img-src 'self' data: github.githubassets.com identicons.github.com collector.githubapp.com github-cloud.s3.amazonaws.com secured-user-images.githubusercontent.com/ *.githubusercontent.com; manifest-src 'self'; media-src 'none'; script-src github.githubassets.com; style-src 'unsafe-inline' github.githubassets.com; worker-src github.com/socket-worker-3f088aa2.js gist.github.com/socket-worker-3f088aa2.js","x-github-request-id":"FA55:5437:11317C:13D476:60EE7358"}
[debug] [2021-07-14T05:17:12.514Z] >>> [apiv2][query] GET https://api.github.com/user [none]
[debug] [2021-07-14T05:17:12.871Z] <<< [apiv2][status] GET https://api.github.com/user 200
[debug] [2021-07-14T05:17:12.871Z] <<< [apiv2][body] GET https://api.github.com/user {"login":"jumbo30","id":65526355,"node_id":"MDQ6VXNlcjY1NTI2MzU1","avatar_url":"https://avatars.githubusercontent.com/u/65526355?v=4","gravatar_id":"","url":"https://api.github.com/users/jumbo30","html_url":"https://github.com/jumbo30","followers_url":"https://api.github.com/users/jumbo30/followers","following_url":"https://api.github.com/users/jumbo30/following{/other_user}","gists_url":"https://api.github.com/users/jumbo30/gists{/gist_id}","starred_url":"https://api.github.com/users/jumbo30/starred{/owner}{/repo}","subscriptions_url":"https://api.github.com/users/jumbo30/subscriptions","organizations_url":"https://api.github.com/users/jumbo30/orgs","repos_url":"https://api.github.com/users/jumbo30/repos","events_url":"https://api.github.com/users/jumbo30/events{/privacy}","received_events_url":"https://api.github.com/users/jumbo30/received_events","type":"User","site_admin":false,"name":null,"company":null,"blog":"","location":null,"email":null,"hireable":null,"bio":null,"twitter_username":null,"public_repos":0,"public_gists":0,"followers":0,"following":0,"created_at":"2020-05-18T05:16:42Z","updated_at":"2021-07-14T05:16:19Z","private_gists":0,"total_private_repos":0,"owned_private_repos":0,"disk_usage":0,"collaborators":0,"two_factor_authentication":false,"plan":{"name":"free","space":976562499,"collaborators":0,"private_repos":10000}}
[info] 
[info] +  Success! Logged into GitHub as jumbo30 
[info] 
[debug] [2021-07-14T05:17:27.027Z] >>> [apiv2][query] GET https://api.github.com/repos/user/actions/secrets/public-key type=owner
[debug] [2021-07-14T05:17:27.295Z] <<< [apiv2][status] GET https://api.github.com/repos/user/actions/secrets/public-key 404
[debug] [2021-07-14T05:17:27.295Z] <<< [apiv2][body] GET https://api.github.com/repos/user/actions/secrets/public-key {"message":"Not Found","documentation_url":"https://docs.github.com/rest"}
[debug] [2021-07-14T05:17:29.394Z] >>> [apiv2][query] GET https://api.github.com/repos//actions/secrets/public-key type=owner
[debug] [2021-07-14T05:17:29.669Z] <<< [apiv2][status] GET https://api.github.com/repos//actions/secrets/public-key 404
[debug] [2021-07-14T05:17:29.669Z] <<< [apiv2][body] GET https://api.github.com/repos//actions/secrets/public-key {"message":"Not Found","documentation_url":"https://docs.github.com/rest"}
[debug] [2021-07-14T05:17:30.202Z] >>> [apiv2][query] GET https://api.github.com/repos//actions/secrets/public-key type=owner
[debug] [2021-07-14T05:17:30.466Z] <<< [apiv2][status] GET https://api.github.com/repos//actions/secrets/public-key 404
[debug] [2021-07-14T05:17:30.466Z] <<< [apiv2][body] GET https://api.github.com/repos//actions/secrets/public-key {"message":"Not Found","documentation_url":"https://docs.github.com/rest"}
[debug] [2021-07-14T05:17:43.971Z] >>> [apiv2][query] GET https://api.github.com/repos/n/actions/secrets/public-key type=owner
[debug] [2021-07-14T05:17:44.254Z] <<< [apiv2][status] GET https://api.github.com/repos/n/actions/secrets/public-key 404
[debug] [2021-07-14T05:17:44.254Z] <<< [apiv2][body] GET https://api.github.com/repos/n/actions/secrets/public-key {"message":"Not Found","documentation_url":"https://docs.github.com/rest"}
[debug] [2021-07-14T05:17:45.633Z] >>> [apiv2][query] GET https://api.github.com/repos/n/actions/secrets/public-key type=owner
[debug] [2021-07-14T05:17:45.909Z] <<< [apiv2][status] GET https://api.github.com/repos/n/actions/secrets/public-key 404
[debug] [2021-07-14T05:17:45.909Z] <<< [apiv2][body] GET https://api.github.com/repos/n/actions/secrets/public-key {"message":"Not Found","documentation_url":"https://docs.github.com/rest"}
[debug] [2021-07-14T05:17:46.483Z] >>> [apiv2][query] GET https://api.github.com/repos//actions/secrets/public-key type=owner
[debug] [2021-07-14T05:17:46.743Z] <<< [apiv2][status] GET https://api.github.com/repos//actions/secrets/public-key 404
[debug] [2021-07-14T05:17:46.743Z] <<< [apiv2][body] GET https://api.github.com/repos//actions/secrets/public-key {"message":"Not Found","documentation_url":"https://docs.github.com/rest"}
[debug] [2021-07-14T05:18:34.666Z] >>> [apiv2][query] GET https://api.github.com/repos/repository /actions/secrets/public-key type=owner
[debug] [2021-07-14T05:18:34.947Z] <<< [apiv2][status] GET https://api.github.com/repos/repository /actions/secrets/public-key 404
[debug] [2021-07-14T05:18:34.947Z] <<< [apiv2][body] GET https://api.github.com/repos/repository /actions/secrets/public-key {"message":"Not Found","documentation_url":"https://docs.github.com/rest"}
[debug] [2021-07-14T05:18:35.130Z] >>> [apiv2][query] GET https://api.github.com/repos//actions/secrets/public-key type=owner
[debug] [2021-07-14T05:18:35.406Z] <<< [apiv2][status] GET https://api.github.com/repos//actions/secrets/public-key 404
[debug] [2021-07-14T05:18:35.406Z] <<< [apiv2][body] GET https://api.github.com/repos//actions/secrets/public-key {"message":"Not Found","documentation_url":"https://docs.github.com/rest"}
[debug] [2021-07-14T05:18:35.499Z] >>> [apiv2][query] GET https://api.github.com/repos//actions/secrets/public-key type=owner
[debug] [2021-07-14T05:18:35.707Z] >>> [apiv2][query] GET https://api.github.com/repos//actions/secrets/public-key type=owner
[debug] [2021-07-14T05:18:35.764Z] <<< [apiv2][status] GET https://api.github.com/repos//actions/secrets/public-key 404
[debug] [2021-07-14T05:18:35.765Z] <<< [apiv2][body] GET https://api.github.com/repos//actions/secrets/public-key {"message":"Not Found","documentation_url":"https://docs.github.com/rest"}
[debug] [2021-07-14T05:18:35.892Z] >>> [apiv2][query] GET https://api.github.com/repos//actions/secrets/public-key type=owner
[debug] [2021-07-14T05:18:35.974Z] <<< [apiv2][status] GET https://api.github.com/repos//actions/secrets/public-key 404
[debug] [2021-07-14T05:18:35.975Z] <<< [apiv2][body] GET https://api.github.com/repos//actions/secrets/public-key {"message":"Not Found","documentation_url":"https://docs.github.com/rest"}
[debug] [2021-07-14T05:18:36.122Z] >>> [apiv2][query] GET https://api.github.com/repos//actions/secrets/public-key type=owner
[debug] [2021-07-14T05:18:36.156Z] <<< [apiv2][status] GET https://api.github.com/repos//actions/secrets/public-key 404
[debug] [2021-07-14T05:18:36.156Z] <<< [apiv2][body] GET https://api.github.com/repos//actions/secrets/public-key {"message":"Not Found","documentation_url":"https://docs.github.com/rest"}
[debug] [2021-07-14T05:18:36.341Z] >>> [apiv2][query] GET https://api.github.com/repos//actions/secrets/public-key type=owner
[debug] [2021-07-14T05:18:36.389Z] <<< [apiv2][status] GET https://api.github.com/repos//actions/secrets/public-key 404
[debug] [2021-07-14T05:18:36.389Z] <<< [apiv2][body] GET https://api.github.com/repos//actions/secrets/public-key {"message":"Not Found","documentation_url":"https://docs.github.com/rest"}
[debug] [2021-07-14T05:18:36.546Z] >>> [apiv2][query] GET https://api.github.com/repos//actions/secrets/public-key type=owner
[debug] [2021-07-14T05:18:36.608Z] <<< [apiv2][status] GET https://api.github.com/repos//actions/secrets/public-key 404
[debug] [2021-07-14T05:18:36.609Z] <<< [apiv2][body] GET https://api.github.com/repos//actions/secrets/public-key {"message":"Not Found","documentation_url":"https://docs.github.com/rest"}
[debug] [2021-07-14T05:18:36.816Z] <<< [apiv2][status] GET https://api.github.com/repos//actions/secrets/public-key 404
[debug] [2021-07-14T05:18:36.816Z] <<< [apiv2][body] GET https://api.github.com/repos//actions/secrets/public-key {"message":"Not Found","documentation_url":"https://docs.github.com/rest"}
[debug] [2021-07-14T05:18:44.570Z] >>> [apiv2][query] GET https://api.github.com/repos/user/actions/secrets/public-key type=owner
[debug] [2021-07-14T05:18:44.839Z] <<< [apiv2][status] GET https://api.github.com/repos/user/actions/secrets/public-key 404
[debug] [2021-07-14T05:18:44.840Z] <<< [apiv2][body] GET https://api.github.com/repos/user/actions/secrets/public-key {"message":"Not Found","documentation_url":"https://docs.github.com/rest"}
[debug] [2021-07-14T05:18:44.872Z] >>> [apiv2][query] GET https://api.github.com/repos//actions/secrets/public-key type=owner
[debug] [2021-07-14T05:18:45.067Z] >>> [apiv2][query] GET https://api.github.com/repos//actions/secrets/public-key type=owner
[debug] [2021-07-14T05:18:45.160Z] <<< [apiv2][status] GET https://api.github.com/repos//actions/secrets/public-key 404
[debug] [2021-07-14T05:18:45.161Z] <<< [apiv2][body] GET https://api.github.com/repos//actions/secrets/public-key {"message":"Not Found","documentation_url":"https://docs.github.com/rest"}
[debug] [2021-07-14T05:18:45.305Z] >>> [apiv2][query] GET https://api.github.com/repos//actions/secrets/public-key type=owner
[debug] [2021-07-14T05:18:45.337Z] <<< [apiv2][status] GET https://api.github.com/repos//actions/secrets/public-key 404
[debug] [2021-07-14T05:18:45.338Z] <<< [apiv2][body] GET https://api.github.com/repos//actions/secrets/public-key {"message":"Not Found","documentation_url":"https://docs.github.com/rest"}
[debug] [2021-07-14T05:18:45.601Z] <<< [apiv2][status] GET https://api.github.com/repos//actions/secrets/public-key 404
[debug] [2021-07-14T05:18:45.601Z] <<< [apiv2][body] GET https://api.github.com/repos//actions/secrets/public-key {"message":"Not Found","documentation_url":"https://docs.github.com/rest"}
[debug] [2021-07-14T05:18:57.058Z] >>> [apiv2][query] GET https://api.github.com/repos/jumbo/actions/secrets/public-key type=owner
[debug] [2021-07-14T05:18:57.363Z] <<< [apiv2][status] GET https://api.github.com/repos/jumbo/actions/secrets/public-key 404
[debug] [2021-07-14T05:18:57.364Z] <<< [apiv2][body] GET https://api.github.com/repos/jumbo/actions/secrets/public-key {"message":"Not Found","documentation_url":"https://docs.github.com/rest"}
[debug] [2021-07-14T05:19:13.114Z] >>> [apiv2][query] GET https://api.github.com/repos/firebase deploy/actions/secrets/public-key type=owner
[debug] [2021-07-14T05:19:13.418Z] <<< [apiv2][status] GET https://api.github.com/repos/firebase deploy/actions/secrets/public-key 404
[debug] [2021-07-14T05:19:13.419Z] <<< [apiv2][body] GET https://api.github.com/repos/firebase deploy/actions/secrets/public-key {"message":"Not Found","documentation_url":"https://docs.github.com/rest"}
[debug] [2021-07-14T05:19:14.023Z] >>> [apiv2][query] GET https://api.github.com/repos//actions/secrets/public-key type=owner
[debug] [2021-07-14T05:19:14.224Z] >>> [apiv2][query] GET https://api.github.com/repos//actions/secrets/public-key type=owner
[debug] [2021-07-14T05:19:14.330Z] <<< [apiv2][status] GET https://api.github.com/repos//actions/secrets/public-key 404
[debug] [2021-07-14T05:19:14.330Z] <<< [apiv2][body] GET https://api.github.com/repos//actions/secrets/public-key {"message":"Not Found","documentation_url":"https://docs.github.com/rest"}
[debug] [2021-07-14T05:19:14.367Z] >>> [apiv2][query] GET https://api.github.com/repos//actions/secrets/public-key type=owner
[debug] [2021-07-14T05:19:14.522Z] <<< [apiv2][status] GET https://api.github.com/repos//actions/secrets/public-key 404
[debug] [2021-07-14T05:19:14.523Z] <<< [apiv2][body] GET https://api.github.com/repos//actions/secrets/public-key {"message":"Not Found","documentation_url":"https://docs.github.com/rest"}
[debug] [2021-07-14T05:19:14.664Z] <<< [apiv2][status] GET https://api.github.com/repos//actions/secrets/public-key 404
[debug] [2021-07-14T05:19:14.664Z] <<< [apiv2][body] GET https://api.github.com/repos//actions/secrets/public-key {"message":"Not Found","documentation_url":"https://docs.github.com/rest"}
[debug] [2021-07-14T05:23:38.459Z] >>> [apiv2][query] GET https://api.github.com/repos/git remote add origin https://github.com/jumbo30/bank.git/actions/secrets/public-key type=owner
[debug] [2021-07-14T05:23:38.461Z] >>> [apiv2][query] GET https://api.github.com/repos/git branch -M main/actions/secrets/public-key type=owner
[debug] [2021-07-14T05:23:38.755Z] <<< [apiv2][status] GET https://api.github.com/repos/git remote add origin https://github.com/jumbo30/bank.git/actions/secrets/public-key 404
[debug] [2021-07-14T05:23:38.756Z] <<< [apiv2][body] GET https://api.github.com/repos/git remote add origin https://github.com/jumbo30/bank.git/actions/secrets/public-key {"message":"Not Found","documentation_url":"https://docs.github.com/rest"}
[debug] [2021-07-14T05:23:38.761Z] <<< [apiv2][status] GET https://api.github.com/repos/git branch -M main/actions/secrets/public-key 404
[debug] [2021-07-14T05:23:38.762Z] <<< [apiv2][body] GET https://api.github.com/repos/git branch -M main/actions/secrets/public-key {"message":"Not Found","documentation_url":"https://docs.github.com/rest"}
[debug] [2021-07-14T05:23:40.543Z] >>> [apiv2][query] GET https://api.github.com/repos/git push -u origin main/actions/secrets/public-key type=owner
[debug] [2021-07-14T05:23:40.811Z] <<< [apiv2][status] GET https://api.github.com/repos/git push -u origin main/actions/secrets/public-key 404
[debug] [2021-07-14T05:23:40.811Z] <<< [apiv2][body] GET https://api.github.com/repos/git push -u origin main/actions/secrets/public-key {"message":"Not Found","documentation_url":"https://docs.github.com/rest"}
[debug] [2021-07-14T05:23:41.672Z] >>> [apiv2][query] GET https://api.github.com/repos//actions/secrets/public-key type=owner
[debug] [2021-07-14T05:23:41.872Z] >>> [apiv2][query] GET https://api.github.com/repos//actions/secrets/public-key type=owner
[debug] [2021-07-14T05:23:41.973Z] <<< [apiv2][status] GET https://api.github.com/repos//actions/secrets/public-key 404
[debug] [2021-07-14T05:23:41.973Z] <<< [apiv2][body] GET https://api.github.com/repos//actions/secrets/public-key {"message":"Not Found","documentation_url":"https://docs.github.com/rest"}
[debug] [2021-07-14T05:23:42.027Z] >>> [apiv2][query] GET https://api.github.com/repos//actions/secrets/public-key type=owner
[debug] [2021-07-14T05:23:42.174Z] <<< [apiv2][status] GET https://api.github.com/repos//actions/secrets/public-key 404
[debug] [2021-07-14T05:23:42.175Z] <<< [apiv2][body] GET https://api.github.com/repos//actions/secrets/public-key {"message":"Not Found","documentation_url":"https://docs.github.com/rest"}
[debug] [2021-07-14T05:23:42.184Z] >>> [apiv2][query] GET https://api.github.com/repos//actions/secrets/public-key type=owner
[debug] [2021-07-14T05:23:42.298Z] <<< [apiv2][status] GET https://api.github.com/repos//actions/secrets/public-key 404
[debug] [2021-07-14T05:23:42.298Z] <<< [apiv2][body] GET https://api.github.com/repos//actions/secrets/public-key {"message":"Not Found","documentation_url":"https://docs.github.com/rest"}
[debug] [2021-07-14T05:23:42.453Z] <<< [apiv2][status] GET https://api.github.com/repos//actions/secrets/public-key 404
[debug] [2021-07-14T05:23:42.453Z] <<< [apiv2][body] GET https://api.github.com/repos//actions/secrets/public-key {"message":"Not Found","documentation_url":"https://docs.github.com/rest"}
[debug] [2021-07-14T05:23:47.107Z] >>> [apiv2][query] GET https://api.github.com/repos/no/actions/secrets/public-key type=owner
[debug] [2021-07-14T05:23:47.550Z] <<< [apiv2][status] GET https://api.github.com/repos/no/actions/secrets/public-key 404
[debug] [2021-07-14T05:23:47.550Z] <<< [apiv2][body] GET https://api.github.com/repos/no/actions/secrets/public-key {"message":"Not Found","documentation_url":"https://docs.github.com/rest"}
[debug] [2021-07-14T05:26:04.854Z] ----------------------------------------------------------------------
[debug] [2021-07-14T05:26:04.858Z] Command:       C:\Program Files\nodejs\node.exe C:\Users\Admin\AppData\Roaming\npm\node_modules\firebase-tools\lib\bin\firebase.js init
[debug] [2021-07-14T05:26:04.860Z] CLI Version:   9.16.0
[debug] [2021-07-14T05:26:04.861Z] Platform:      win32
[debug] [2021-07-14T05:26:04.861Z] Node Version:  v14.17.3
[debug] [2021-07-14T05:26:04.864Z] Time:          Wed Jul 14 2021 10:56:04 GMT+0530 (India Standard Time)
[debug] [2021-07-14T05:26:04.865Z] ----------------------------------------------------------------------
[debug] 
[debug] [2021-07-14T05:26:04.888Z] > command requires scopes: ["email","openid","https://www.googleapis.com/auth/cloudplatformprojects.readonly","https://www.googleapis.com/auth/firebase","https://www.googleapis.com/auth/cloud-platform"]
[debug] [2021-07-14T05:26:04.889Z] > authorizing via signed-in user (janmejaykadam30@gmail.com)
[info] 
     ######## #### ########  ######## ########     ###     ######  ########
     ##        ##  ##     ## ##       ##     ##  ##   ##  ##       ##
     ######    ##  ########  ######   ########  #########  ######  ######
     ##        ##  ##    ##  ##       ##     ## ##     ##       ## ##
     ##       #### ##     ## ######## ########  ##     ##  ######  ########

You're about to initialize a Firebase project in this directory:

  C:\Users\Admin\Desktop\Updated Project\BankAtYourHome

[info] 
=== Project Setup
[info] 
[info] First, let's associate this project directory with a Firebase project.
[info] You can create multiple project aliases by running firebase use --add, 
[info] but for now we'll just set up a default project.
[info] 
[debug] [2021-07-14T05:26:33.535Z] >>> [apiv2][query] GET https://firebase.googleapis.com/v1beta1/projects pageSize=100
[debug] [2021-07-14T05:26:34.207Z] <<< [apiv2][status] GET https://firebase.googleapis.com/v1beta1/projects 200
[debug] [2021-07-14T05:26:34.208Z] <<< [apiv2][body] GET https://firebase.googleapis.com/v1beta1/projects [omitted]
[info] i  Using project bankatyourhome (BankAtYourHome) 
[info] 
=== Hosting:github Setup
[info] 
[info] i  Didn't detect a .git folder. Assuming C:\Users\Admin\Desktop\Updated Project\BankAtYourHome is the project root. 
[info] i  Authorizing with GitHub to upload your service account to a GitHub repository's secrets store. 
[info] 
[info] Visit this URL on this device to log in:
[info] https://github.com/login/oauth/authorize?client_id=89cf50f02ac6aaed3484&state=498715808&redirect_uri=http%3A%2F%2Flocalhost%3A9005&scope=read%3Auser%20repo%20public_repo
[info] 
[info] Waiting for authentication...
[debug] [2021-07-14T05:26:36.977Z] >>> HTTP REQUEST POST https://github.com/login/oauth/access_token  
 {"client_id":"89cf50f02ac6aaed3484","client_secret":"3330d14abc895d9a74d5f17cd7a00711fa2c5bf0","code":"ed13b38f29c77609dea5","redirect_uri":"http://localhost:9005","state":"498715808"}
[debug] [2021-07-14T05:26:37.310Z] <<< HTTP RESPONSE 200 {"server":"GitHub.com","date":"Wed, 14 Jul 2021 05:26:37 GMT","content-type":"application/json; charset=utf-8","transfer-encoding":"chunked","vary":"X-PJAX, Accept-Encoding, Accept, X-Requested-With","permissions-policy":"interest-cohort=()","etag":"W/\"3457d588b68b6d9bd55f805a6c244f73\"","cache-control":"max-age=0, private, must-revalidate","strict-transport-security":"max-age=31536000; includeSubdomains; preload","x-frame-options":"deny","x-content-type-options":"nosniff","x-xss-protection":"0","referrer-policy":"origin-when-cross-origin, strict-origin-when-cross-origin","expect-ct":"max-age=2592000, report-uri=\"https://api.github.com/_private/browser/errors\"","content-security-policy":"default-src 'none'; base-uri 'self'; block-all-mixed-content; connect-src 'self' uploads.github.com www.githubstatus.com collector.githubapp.com api.github.com github-cloud.s3.amazonaws.com github-production-repository-file-5c1aeb.s3.amazonaws.com github-production-upload-manifest-file-7fdce7.s3.amazonaws.com github-production-user-asset-6210df.s3.amazonaws.com cdn.optimizely.com logx.optimizely.com/v1/events translator.github.com wss://alive.github.com; font-src github.githubassets.com; form-action 'self' github.com gist.github.com; frame-ancestors 'none'; frame-src render.githubusercontent.com render-temp.githubusercontent.com viewscreen.githubusercontent.com; img-src 'self' data: github.githubassets.com identicons.github.com collector.githubapp.com github-cloud.s3.amazonaws.com secured-user-images.githubusercontent.com/ *.githubusercontent.com; manifest-src 'self'; media-src 'none'; script-src github.githubassets.com; style-src 'unsafe-inline' github.githubassets.com; worker-src github.com/socket-worker-3f088aa2.js gist.github.com/socket-worker-3f088aa2.js","x-github-request-id":"C2D2:4F15:1272B1:154F93:60EE758D"}
[debug] [2021-07-14T05:26:37.315Z] >>> [apiv2][query] GET https://api.github.com/user [none]
[debug] [2021-07-14T05:26:37.666Z] <<< [apiv2][status] GET https://api.github.com/user 200
[debug] [2021-07-14T05:26:37.667Z] <<< [apiv2][body] GET https://api.github.com/user {"login":"jumbo30","id":65526355,"node_id":"MDQ6VXNlcjY1NTI2MzU1","avatar_url":"https://avatars.githubusercontent.com/u/65526355?v=4","gravatar_id":"","url":"https://api.github.com/users/jumbo30","html_url":"https://github.com/jumbo30","followers_url":"https://api.github.com/users/jumbo30/followers","following_url":"https://api.github.com/users/jumbo30/following{/other_user}","gists_url":"https://api.github.com/users/jumbo30/gists{/gist_id}","starred_url":"https://api.github.com/users/jumbo30/starred{/owner}{/repo}","subscriptions_url":"https://api.github.com/users/jumbo30/subscriptions","organizations_url":"https://api.github.com/users/jumbo30/orgs","repos_url":"https://api.github.com/users/jumbo30/repos","events_url":"https://api.github.com/users/jumbo30/events{/privacy}","received_events_url":"https://api.github.com/users/jumbo30/received_events","type":"User","site_admin":false,"name":null,"company":null,"blog":"","location":null,"email":null,"hireable":null,"bio":null,"twitter_username":null,"public_repos":2,"public_gists":0,"followers":0,"following":0,"created_at":"2020-05-18T05:16:42Z","updated_at":"2021-07-14T05:22:12Z","private_gists":0,"total_private_repos":0,"owned_private_repos":0,"disk_usage":0,"collaborators":0,"two_factor_authentication":false,"plan":{"name":"free","space":976562499,"collaborators":0,"private_repos":10000}}
[info] 
[info] +  Success! Logged into GitHub as jumbo30 
[info] 
[debug] [2021-07-16T05:33:21.463Z] ----------------------------------------------------------------------
[debug] [2021-07-16T05:33:21.471Z] Command:       C:\Program Files\nodejs\node.exe C:\Users\Admin\AppData\Roaming\npm\node_modules\firebase-tools\lib\bin\firebase.js init
[debug] [2021-07-16T05:33:21.472Z] CLI Version:   9.16.0
[debug] [2021-07-16T05:33:21.473Z] Platform:      win32
[debug] [2021-07-16T05:33:21.473Z] Node Version:  v14.17.3
[debug] [2021-07-16T05:33:21.479Z] Time:          Fri Jul 16 2021 11:03:21 GMT+0530 (India Standard Time)
[debug] [2021-07-16T05:33:21.480Z] ----------------------------------------------------------------------
[debug] 
[debug] [2021-07-16T05:33:21.519Z] > command requires scopes: ["email","openid","https://www.googleapis.com/auth/cloudplatformprojects.readonly","https://www.googleapis.com/auth/firebase","https://www.googleapis.com/auth/cloud-platform"]
[debug] [2021-07-16T05:33:21.520Z] > authorizing via signed-in user (janmejaykadam30@gmail.com)
[info] 
     ######## #### ########  ######## ########     ###     ######  ########
     ##        ##  ##     ## ##       ##     ##  ##   ##  ##       ##
     ######    ##  ########  ######   ########  #########  ######  ######
     ##        ##  ##    ##  ##       ##     ## ##     ##       ## ##
     ##       #### ##     ## ######## ########  ##     ##  ######  ########

You're about to initialize a Firebase project in this directory:

  C:\Users\Admin\Desktop\Updated Project\BankAtYourHome

[info] 
=== Project Setup
[info] 
[info] First, let's associate this project directory with a Firebase project.
[info] You can create multiple project aliases by running firebase use --add, 
[info] but for now we'll just set up a default project.
[info] 
[debug] [2021-07-16T05:33:38.620Z] > refreshing access token with scopes: []
[debug] [2021-07-16T05:33:38.620Z] >>> HTTP REQUEST POST https://www.googleapis.com/oauth2/v3/token  
 <request body omitted>
[debug] [2021-07-16T05:33:38.873Z] <<< HTTP RESPONSE 200 {"expires":"Mon, 01 Jan 1990 00:00:00 GMT","date":"Fri, 16 Jul 2021 05:33:40 GMT","pragma":"no-cache","cache-control":"no-cache, no-store, max-age=0, must-revalidate","content-type":"application/json; charset=utf-8","vary":"X-Origin, Referer, Origin,Accept-Encoding","server":"scaffolding on HTTPServer2","x-xss-protection":"0","x-frame-options":"SAMEORIGIN","x-content-type-options":"nosniff","alt-svc":"h3=\":443\"; ma=2592000,h3-29=\":443\"; ma=2592000,h3-T051=\":443\"; ma=2592000,h3-Q050=\":443\"; ma=2592000,h3-Q046=\":443\"; ma=2592000,h3-Q043=\":443\"; ma=2592000,quic=\":443\"; ma=2592000; v=\"46,43\"","accept-ranges":"none","transfer-encoding":"chunked"}
[debug] [2021-07-16T05:33:39.011Z] >>> [apiv2][query] GET https://firebase.googleapis.com/v1beta1/projects pageSize=100
[debug] [2021-07-16T05:33:39.594Z] <<< [apiv2][status] GET https://firebase.googleapis.com/v1beta1/projects 200
[debug] [2021-07-16T05:33:39.595Z] <<< [apiv2][body] GET https://firebase.googleapis.com/v1beta1/projects [omitted]
[info] i  Using project bankatyourhome (BankAtYourHome) 
[info] 
=== Hosting Setup
[info] 
[info] Your public directory is the folder (relative to your project directory) that
[info] will contain Hosting assets to be uploaded with firebase deploy. If you
[info] have a build process for your assets, use your build's output directory.
[info] 
[info] +  Wrote n/404.html 
[debug] [2021-07-16T05:33:58.241Z] >>> [apiv2][query] GET https://www.gstatic.com/firebasejs/releases.json [none]
[debug] [2021-07-16T05:33:58.441Z] <<< [apiv2][status] GET https://www.gstatic.com/firebasejs/releases.json 200
[debug] [2021-07-16T05:33:58.442Z] <<< [apiv2][body] GET https://www.gstatic.com/firebasejs/releases.json {"current":{"version":"8.7.1","browserURL":"https://www.gstatic.com/firebasejs/8.7.1/firebase.js","packageURL":"https://www.gstatic.com/firebasejs/8.7.1/firebase.tgz"},"live":{"version":"8.7","browserURL":"https://www.gstatic.com/firebasejs/live/8.7/firebase.js","packageURL":"https://www.gstatic.com/firebasejs/live/8.7/firebase.tgz"},"components":{"analytics":"https://www.gstatic.com/firebasejs/8.7.1/firebase-analytics.js","app":"https://www.gstatic.com/firebasejs/8.7.1/firebase-app.js","app-check":"https://www.gstatic.com/firebasejs/8.7.1/firebase-app-check.js","auth":"https://www.gstatic.com/firebasejs/8.7.1/firebase-auth.js","database":"https://www.gstatic.com/firebasejs/8.7.1/firebase-database.js","firestore":"https://www.gstatic.com/firebasejs/8.7.1/firebase-firestore.js","functions":"https://www.gstatic.com/firebasejs/8.7.1/firebase-functions.js","installations":"https://www.gstatic.com/firebasejs/8.7.1/firebase-installations.js","messaging":"https://www.gstatic.com/firebasejs/8.7.1/firebase-messaging.js","storage":"https://www.gstatic.com/firebasejs/8.7.1/firebase-storage.js","performance":"https://www.gstatic.com/firebasejs/8.7.1/firebase-performance.js","remote-config":"https://www.gstatic.com/firebasejs/8.7.1/firebase-remote-config.js","firestore.memory":"https://www.gstatic.com/firebasejs/8.7.1/firebase-firestore.memory.js"}}
[info] +  Wrote n/index.html 
[info] 
[info] i  Didn't detect a .git folder. Assuming C:\Users\Admin\Desktop\Updated Project\BankAtYourHome is the project root. 
[info] i  Authorizing with GitHub to upload your service account to a GitHub repository's secrets store. 
[info] 
[info] Visit this URL on this device to log in:
[info] https://github.com/login/oauth/authorize?client_id=89cf50f02ac6aaed3484&state=741892109&redirect_uri=http%3A%2F%2Flocalhost%3A9005&scope=read%3Auser%20repo%20public_repo
[info] 
[info] Waiting for authentication...
[debug] [2021-07-16T05:33:59.516Z] >>> HTTP REQUEST POST https://github.com/login/oauth/access_token  
 {"client_id":"89cf50f02ac6aaed3484","client_secret":"3330d14abc895d9a74d5f17cd7a00711fa2c5bf0","code":"8bb3535ab85bb20c890c","redirect_uri":"http://localhost:9005","state":"741892109"}
[debug] [2021-07-16T05:33:59.835Z] <<< HTTP RESPONSE 200 {"server":"GitHub.com","date":"Fri, 16 Jul 2021 05:34:01 GMT","content-type":"application/json; charset=utf-8","transfer-encoding":"chunked","vary":"X-PJAX, Accept-Encoding, Accept, X-Requested-With","permissions-policy":"interest-cohort=()","etag":"W/\"1f8d2dcdb8f7ec904091ecf1df1cdc44\"","cache-control":"max-age=0, private, must-revalidate","strict-transport-security":"max-age=31536000; includeSubdomains; preload","x-frame-options":"deny","x-content-type-options":"nosniff","x-xss-protection":"0","referrer-policy":"origin-when-cross-origin, strict-origin-when-cross-origin","expect-ct":"max-age=2592000, report-uri=\"https://api.github.com/_private/browser/errors\"","content-security-policy":"default-src 'none'; base-uri 'self'; block-all-mixed-content; connect-src 'self' uploads.github.com www.githubstatus.com collector.githubapp.com api.github.com github-cloud.s3.amazonaws.com github-production-repository-file-5c1aeb.s3.amazonaws.com github-production-upload-manifest-file-7fdce7.s3.amazonaws.com github-production-user-asset-6210df.s3.amazonaws.com cdn.optimizely.com logx.optimizely.com/v1/events translator.github.com wss://alive.github.com; font-src github.githubassets.com; form-action 'self' github.com gist.github.com; frame-ancestors 'none'; frame-src render.githubusercontent.com render-temp.githubusercontent.com viewscreen.githubusercontent.com; img-src 'self' data: github.githubassets.com identicons.github.com collector.githubapp.com github-cloud.s3.amazonaws.com secured-user-images.githubusercontent.com/ *.githubusercontent.com; manifest-src 'self'; media-src 'none'; script-src github.githubassets.com; style-src 'unsafe-inline' github.githubassets.com; worker-src github.com/socket-worker-3f088aa2.js gist.github.com/socket-worker-3f088aa2.js","x-github-request-id":"C513:4101:A11300:AEAE8F:60F11A49"}
[debug] [2021-07-16T05:33:59.851Z] >>> [apiv2][query] GET https://api.github.com/user [none]
[debug] [2021-07-16T05:34:00.254Z] <<< [apiv2][status] GET https://api.github.com/user 200
[debug] [2021-07-16T05:34:00.255Z] <<< [apiv2][body] GET https://api.github.com/user {"login":"jumbo30","id":65526355,"node_id":"MDQ6VXNlcjY1NTI2MzU1","avatar_url":"https://avatars.githubusercontent.com/u/65526355?v=4","gravatar_id":"","url":"https://api.github.com/users/jumbo30","html_url":"https://github.com/jumbo30","followers_url":"https://api.github.com/users/jumbo30/followers","following_url":"https://api.github.com/users/jumbo30/following{/other_user}","gists_url":"https://api.github.com/users/jumbo30/gists{/gist_id}","starred_url":"https://api.github.com/users/jumbo30/starred{/owner}{/repo}","subscriptions_url":"https://api.github.com/users/jumbo30/subscriptions","organizations_url":"https://api.github.com/users/jumbo30/orgs","repos_url":"https://api.github.com/users/jumbo30/repos","events_url":"https://api.github.com/users/jumbo30/events{/privacy}","received_events_url":"https://api.github.com/users/jumbo30/received_events","type":"User","site_admin":false,"name":null,"company":null,"blog":"","location":null,"email":null,"hireable":null,"bio":null,"twitter_username":null,"public_repos":3,"public_gists":0,"followers":0,"following":0,"created_at":"2020-05-18T05:16:42Z","updated_at":"2021-07-14T05:22:12Z","private_gists":0,"total_private_repos":0,"owned_private_repos":0,"disk_usage":5,"collaborators":0,"two_factor_authentication":false,"plan":{"name":"free","space":976562499,"collaborators":0,"private_repos":10000}}
[info] 
[info] +  Success! Logged into GitHub as jumbo30 
[info] 
[debug] [2021-07-16T05:34:15.193Z] >>> [apiv2][query] GET https://api.github.com/repos/main/actions/secrets/public-key type=owner
[debug] [2021-07-16T05:34:15.474Z] <<< [apiv2][status] GET https://api.github.com/repos/main/actions/secrets/public-key 404
[debug] [2021-07-16T05:34:15.474Z] <<< [apiv2][body] GET https://api.github.com/repos/main/actions/secrets/public-key {"message":"Not Found","documentation_url":"https://docs.github.com/rest"}
[debug] [2021-07-16T05:34:17.527Z] >>> [apiv2][query] GET https://api.github.com/repos//actions/secrets/public-key type=owner
[debug] [2021-07-16T05:34:17.797Z] <<< [apiv2][status] GET https://api.github.com/repos//actions/secrets/public-key 404
[debug] [2021-07-16T05:34:17.798Z] <<< [apiv2][body] GET https://api.github.com/repos//actions/secrets/public-key {"message":"Not Found","documentation_url":"https://docs.github.com/rest"}
[debug] [2021-07-16T05:34:18.006Z] >>> [apiv2][query] GET https://api.github.com/repos//actions/secrets/public-key type=owner
[debug] [2021-07-16T05:34:18.204Z] >>> [apiv2][query] GET https://api.github.com/repos//actions/secrets/public-key type=owner
[debug] [2021-07-16T05:34:18.283Z] <<< [apiv2][status] GET https://api.github.com/repos//actions/secrets/public-key 404
[debug] [2021-07-16T05:34:18.283Z] <<< [apiv2][body] GET https://api.github.com/repos//actions/secrets/public-key {"message":"Not Found","documentation_url":"https://docs.github.com/rest"}
[debug] [2021-07-16T05:34:18.374Z] >>> [apiv2][query] GET https://api.github.com/repos//actions/secrets/public-key type=owner
[debug] [2021-07-16T05:34:18.476Z] <<< [apiv2][status] GET https://api.github.com/repos//actions/secrets/public-key 404
[debug] [2021-07-16T05:34:18.476Z] <<< [apiv2][body] GET https://api.github.com/repos//actions/secrets/public-key {"message":"Not Found","documentation_url":"https://docs.github.com/rest"}
[debug] [2021-07-16T05:34:18.541Z] >>> [apiv2][query] GET https://api.github.com/repos//actions/secrets/public-key type=owner
[debug] [2021-07-16T05:34:18.637Z] <<< [apiv2][status] GET https://api.github.com/repos//actions/secrets/public-key 404
[debug] [2021-07-16T05:34:18.638Z] <<< [apiv2][body] GET https://api.github.com/repos//actions/secrets/public-key {"message":"Not Found","documentation_url":"https://docs.github.com/rest"}
[debug] [2021-07-16T05:34:18.821Z] <<< [apiv2][status] GET https://api.github.com/repos//actions/secrets/public-key 404
[debug] [2021-07-16T05:34:18.821Z] <<< [apiv2][body] GET https://api.github.com/repos//actions/secrets/public-key {"message":"Not Found","documentation_url":"https://docs.github.com/rest"}
[debug] [2021-07-16T05:36:23.956Z] >>> [apiv2][query] GET https://api.github.com/repos/https://github.com/jumbo30/bankathome.git/actions/secrets/public-key type=owner
[debug] [2021-07-16T05:36:24.244Z] <<< [apiv2][status] GET https://api.github.com/repos/https://github.com/jumbo30/bankathome.git/actions/secrets/public-key 404
[debug] [2021-07-16T05:36:24.244Z] <<< [apiv2][body] GET https://api.github.com/repos/https://github.com/jumbo30/bankathome.git/actions/secrets/public-key {"message":"Not Found","documentation_url":"https://docs.github.com/rest"}
[debug] [2021-07-16T05:44:27.552Z] >>> [apiv2][query] GET https://api.github.com/repos/jumbo30/bankhome-firebase-hosting/actions/secrets/public-key type=owner
[debug] [2021-07-16T05:44:27.852Z] <<< [apiv2][status] GET https://api.github.com/repos/jumbo30/bankhome-firebase-hosting/actions/secrets/public-key 404
[debug] [2021-07-16T05:44:27.852Z] <<< [apiv2][body] GET https://api.github.com/repos/jumbo30/bankhome-firebase-hosting/actions/secrets/public-key {"message":"Not Found","documentation_url":"https://docs.github.com/rest/reference/actions#get-a-repository-public-key"}
[debug] [2021-07-16T05:44:39.795Z] >>> [apiv2][query] GET https://api.github.com/repos/jumbo30/react-firebase-hosting/actions/secrets/public-key type=owner
[debug] [2021-07-16T05:44:40.075Z] <<< [apiv2][status] GET https://api.github.com/repos/jumbo30/react-firebase-hosting/actions/secrets/public-key 404
[debug] [2021-07-16T05:44:40.076Z] <<< [apiv2][body] GET https://api.github.com/repos/jumbo30/react-firebase-hosting/actions/secrets/public-key {"message":"Not Found","documentation_url":"https://docs.github.com/rest/reference/actions#get-a-repository-public-key"}
