[debug] [2021-07-14T05:08:39.461Z] ----------------------------------------------------------------------
[debug] [2021-07-14T05:08:39.464Z] Command:       C:\Program Files\nodejs\node.exe C:\Users\Admin\AppData\Roaming\npm\node_modules\firebase-tools\lib\bin\firebase.js init
[debug] [2021-07-14T05:08:39.464Z] CLI Version:   9.16.0
[debug] [2021-07-14T05:08:39.465Z] Platform:      win32
[debug] [2021-07-14T05:08:39.465Z] Node Version:  v14.17.3
[debug] [2021-07-14T05:08:39.467Z] Time:          Wed Jul 14 2021 10:38:39 GMT+0530 (India Standard Time)
[debug] [2021-07-14T05:08:39.467Z] ----------------------------------------------------------------------
[debug] 
[debug] [2021-07-14T05:08:39.489Z] > command requires scopes: ["email","openid","https://www.googleapis.com/auth/cloudplatformprojects.readonly","https://www.googleapis.com/auth/firebase","https://www.googleapis.com/auth/cloud-platform"]
[debug] [2021-07-14T05:08:39.489Z] > authorizing via signed-in user (janmejaykadam30@gmail.com)
[info] 
     ######## #### ########  ######## ########     ###     ######  ########
     ##        ##  ##     ## ##       ##     ##  ##   ##  ##       ##
     ######    ##  ########  ######   ########  #########  ######  ######
     ##        ##  ##    ##  ##       ##     ## ##     ##       ## ##
     ##       #### ##     ## ######## ########  ##     ##  ######  ########

You're about to initialize a Firebase project in this directory:

  C:\Users\Admin\Desktop\Updated Project\BankAtYourHome

[info] 
=== Project Setup
[info] 
[info] First, let's associate this project directory with a Firebase project.
[info] You can create multiple project aliases by running firebase use --add, 
[info] but for now we'll just set up a default project.
[info] 
[debug] [2021-07-14T05:09:28.261Z] >>> [apiv2][query] GET https://firebase.googleapis.com/v1beta1/projects pageSize=100
[debug] [2021-07-14T05:09:28.899Z] <<< [apiv2][status] GET https://firebase.googleapis.com/v1beta1/projects 200
[debug] [2021-07-14T05:09:28.899Z] <<< [apiv2][body] GET https://firebase.googleapis.com/v1beta1/projects [omitted]
[info] i  Using project bankatyourhome (BankAtYourHome) 
[info] 
=== Hosting Setup
[info] 
[info] Your public directory is the folder (relative to your project directory) that
[info] will contain Hosting assets to be uploaded with firebase deploy. If you
[info] have a build process for your assets, use your build's output directory.
[info] 
